2019-05-08 22:28:30,206 [DEBUG] Using GPU 0
2019-05-08 22:28:30,257 [DEBUG] CACHEDIR=/home/thinh/.cache/matplotlib
2019-05-08 22:28:30,260 [DEBUG] Using fontManager instance from /home/thinh/.cache/matplotlib/fontlist-v300.json
2019-05-08 22:28:30,382 [DEBUG] Loaded backend agg version unknown.
2019-05-08 22:28:31,396 [DEBUG] update_title_pos
2019-05-08 22:28:31,409 [DEBUG] findfont: Matching :family=sans-serif:style=normal:variant=normal:weight=normal:stretch=normal:size=10.0 to DejaVu Sans ('/home/thinh/miniconda3/envs/ano/lib/python3.6/site-packages/matplotlib/mpl-data/fonts/ttf/DejaVuSans.ttf') with score of 0.050000.
2019-05-08 22:28:38,523 [DEBUG] update_title_pos
2019-05-08 22:28:52,725 [INFO] ==> VIDEO_ROOT_PATH/UCSD_ped1/testing_h5_t0/UCSD_ped1_01.h5
2019-05-08 22:28:52,726 [DEBUG] Predicting using logs/UCSD_ped1/jobs/f5846318-6990-4622-b584-ececf33a54d7/model_snapshot_e298_0.003159.h5
2019-05-08 22:29:00,786 [DEBUG] update_title_pos
2019-05-08 22:29:00,954 [DEBUG] update_title_pos
2019-05-08 22:29:00,995 [INFO] ==> VIDEO_ROOT_PATH/UCSD_ped1/testing_h5_t0/UCSD_ped1_02.h5
2019-05-08 22:29:00,995 [DEBUG] Predicting using logs/UCSD_ped1/jobs/f5846318-6990-4622-b584-ececf33a54d7/model_snapshot_e298_0.003159.h5
2019-05-08 22:29:07,932 [DEBUG] update_title_pos
2019-05-08 22:29:08,125 [DEBUG] update_title_pos
2019-05-08 22:29:08,166 [INFO] ==> VIDEO_ROOT_PATH/UCSD_ped1/testing_h5_t0/UCSD_ped1_03.h5
2019-05-08 22:29:08,166 [DEBUG] Predicting using logs/UCSD_ped1/jobs/f5846318-6990-4622-b584-ececf33a54d7/model_snapshot_e298_0.003159.h5
2019-05-08 22:29:15,084 [DEBUG] update_title_pos
2019-05-08 22:29:15,238 [DEBUG] update_title_pos
2019-05-08 22:29:15,279 [INFO] ==> VIDEO_ROOT_PATH/UCSD_ped1/testing_h5_t0/UCSD_ped1_04.h5
2019-05-08 22:29:15,279 [DEBUG] Predicting using logs/UCSD_ped1/jobs/f5846318-6990-4622-b584-ececf33a54d7/model_snapshot_e298_0.003159.h5
2019-05-08 22:29:22,109 [DEBUG] update_title_pos
2019-05-08 22:29:22,272 [DEBUG] update_title_pos
2019-05-08 22:29:22,314 [INFO] ==> VIDEO_ROOT_PATH/UCSD_ped1/testing_h5_t0/UCSD_ped1_05.h5
2019-05-08 22:29:22,314 [DEBUG] Predicting using logs/UCSD_ped1/jobs/f5846318-6990-4622-b584-ececf33a54d7/model_snapshot_e298_0.003159.h5
2019-05-08 22:29:29,149 [DEBUG] update_title_pos
2019-05-08 22:29:29,311 [DEBUG] update_title_pos
2019-05-08 22:29:29,354 [INFO] ==> VIDEO_ROOT_PATH/UCSD_ped1/testing_h5_t0/UCSD_ped1_06.h5
2019-05-08 22:29:29,354 [DEBUG] Predicting using logs/UCSD_ped1/jobs/f5846318-6990-4622-b584-ececf33a54d7/model_snapshot_e298_0.003159.h5
2019-05-08 22:29:36,171 [DEBUG] update_title_pos
2019-05-08 22:29:36,335 [DEBUG] update_title_pos
2019-05-08 22:29:36,379 [INFO] ==> VIDEO_ROOT_PATH/UCSD_ped1/testing_h5_t0/UCSD_ped1_07.h5
2019-05-08 22:29:36,379 [DEBUG] Predicting using logs/UCSD_ped1/jobs/f5846318-6990-4622-b584-ececf33a54d7/model_snapshot_e298_0.003159.h5
2019-05-08 22:29:43,225 [DEBUG] update_title_pos
2019-05-08 22:29:43,386 [DEBUG] update_title_pos
2019-05-08 22:29:43,427 [INFO] ==> VIDEO_ROOT_PATH/UCSD_ped1/testing_h5_t0/UCSD_ped1_08.h5
2019-05-08 22:29:43,428 [DEBUG] Predicting using logs/UCSD_ped1/jobs/f5846318-6990-4622-b584-ececf33a54d7/model_snapshot_e298_0.003159.h5
2019-05-08 22:29:50,291 [DEBUG] update_title_pos
2019-05-08 22:29:50,478 [DEBUG] update_title_pos
2019-05-08 22:29:50,521 [INFO] ==> VIDEO_ROOT_PATH/UCSD_ped1/testing_h5_t0/UCSD_ped1_09.h5
2019-05-08 22:29:50,521 [DEBUG] Predicting using logs/UCSD_ped1/jobs/f5846318-6990-4622-b584-ececf33a54d7/model_snapshot_e298_0.003159.h5
2019-05-08 22:29:57,410 [DEBUG] update_title_pos
2019-05-08 22:29:57,570 [DEBUG] update_title_pos
2019-05-08 22:29:57,615 [INFO] ==> VIDEO_ROOT_PATH/UCSD_ped1/testing_h5_t0/UCSD_ped1_10.h5
2019-05-08 22:29:57,615 [DEBUG] Predicting using logs/UCSD_ped1/jobs/f5846318-6990-4622-b584-ececf33a54d7/model_snapshot_e298_0.003159.h5
2019-05-08 22:30:04,469 [DEBUG] update_title_pos
2019-05-08 22:30:04,628 [DEBUG] update_title_pos
2019-05-08 22:30:04,669 [INFO] ==> VIDEO_ROOT_PATH/UCSD_ped1/testing_h5_t0/UCSD_ped1_11.h5
2019-05-08 22:30:04,669 [DEBUG] Predicting using logs/UCSD_ped1/jobs/f5846318-6990-4622-b584-ececf33a54d7/model_snapshot_e298_0.003159.h5
2019-05-08 22:30:11,560 [DEBUG] update_title_pos
2019-05-08 22:30:11,733 [DEBUG] update_title_pos
2019-05-08 22:30:11,774 [INFO] ==> VIDEO_ROOT_PATH/UCSD_ped1/testing_h5_t0/UCSD_ped1_12.h5
2019-05-08 22:30:11,775 [DEBUG] Predicting using logs/UCSD_ped1/jobs/f5846318-6990-4622-b584-ececf33a54d7/model_snapshot_e298_0.003159.h5
2019-05-08 22:30:18,784 [DEBUG] update_title_pos
2019-05-08 22:30:18,937 [DEBUG] update_title_pos
2019-05-08 22:30:18,980 [INFO] ==> VIDEO_ROOT_PATH/UCSD_ped1/testing_h5_t0/UCSD_ped1_13.h5
2019-05-08 22:30:18,980 [DEBUG] Predicting using logs/UCSD_ped1/jobs/f5846318-6990-4622-b584-ececf33a54d7/model_snapshot_e298_0.003159.h5
2019-05-08 22:30:25,946 [DEBUG] update_title_pos
2019-05-08 22:30:26,120 [DEBUG] update_title_pos
2019-05-08 22:30:26,162 [INFO] ==> VIDEO_ROOT_PATH/UCSD_ped1/testing_h5_t0/UCSD_ped1_14.h5
2019-05-08 22:30:26,162 [DEBUG] Predicting using logs/UCSD_ped1/jobs/f5846318-6990-4622-b584-ececf33a54d7/model_snapshot_e298_0.003159.h5
2019-05-08 22:30:33,090 [DEBUG] update_title_pos
2019-05-08 22:30:33,268 [DEBUG] update_title_pos
2019-05-08 22:30:33,311 [INFO] ==> VIDEO_ROOT_PATH/UCSD_ped1/testing_h5_t0/UCSD_ped1_15.h5
2019-05-08 22:30:33,312 [DEBUG] Predicting using logs/UCSD_ped1/jobs/f5846318-6990-4622-b584-ececf33a54d7/model_snapshot_e298_0.003159.h5
2019-05-08 22:30:40,176 [DEBUG] update_title_pos
2019-05-08 22:30:40,338 [DEBUG] update_title_pos
2019-05-08 22:30:40,381 [INFO] ==> VIDEO_ROOT_PATH/UCSD_ped1/testing_h5_t0/UCSD_ped1_16.h5
2019-05-08 22:30:40,381 [DEBUG] Predicting using logs/UCSD_ped1/jobs/f5846318-6990-4622-b584-ececf33a54d7/model_snapshot_e298_0.003159.h5
2019-05-08 22:30:47,276 [DEBUG] update_title_pos
2019-05-08 22:30:47,432 [DEBUG] update_title_pos
2019-05-08 22:30:47,473 [INFO] ==> VIDEO_ROOT_PATH/UCSD_ped1/testing_h5_t0/UCSD_ped1_17.h5
2019-05-08 22:30:47,473 [DEBUG] Predicting using logs/UCSD_ped1/jobs/f5846318-6990-4622-b584-ececf33a54d7/model_snapshot_e298_0.003159.h5
2019-05-08 22:30:54,408 [DEBUG] update_title_pos
2019-05-08 22:30:54,560 [DEBUG] update_title_pos
2019-05-08 22:30:54,603 [INFO] ==> VIDEO_ROOT_PATH/UCSD_ped1/testing_h5_t0/UCSD_ped1_18.h5
2019-05-08 22:30:54,603 [DEBUG] Predicting using logs/UCSD_ped1/jobs/f5846318-6990-4622-b584-ececf33a54d7/model_snapshot_e298_0.003159.h5
2019-05-08 22:31:01,489 [DEBUG] update_title_pos
2019-05-08 22:31:01,647 [DEBUG] update_title_pos
2019-05-08 22:31:01,691 [INFO] ==> VIDEO_ROOT_PATH/UCSD_ped1/testing_h5_t0/UCSD_ped1_19.h5
2019-05-08 22:31:01,691 [DEBUG] Predicting using logs/UCSD_ped1/jobs/f5846318-6990-4622-b584-ececf33a54d7/model_snapshot_e298_0.003159.h5
2019-05-08 22:31:08,541 [DEBUG] update_title_pos
2019-05-08 22:31:08,698 [DEBUG] update_title_pos
2019-05-08 22:31:08,740 [INFO] ==> VIDEO_ROOT_PATH/UCSD_ped1/testing_h5_t0/UCSD_ped1_20.h5
2019-05-08 22:31:08,740 [DEBUG] Predicting using logs/UCSD_ped1/jobs/f5846318-6990-4622-b584-ececf33a54d7/model_snapshot_e298_0.003159.h5
2019-05-08 22:31:15,701 [DEBUG] update_title_pos
2019-05-08 22:31:15,897 [DEBUG] update_title_pos
2019-05-08 22:31:15,939 [INFO] ==> VIDEO_ROOT_PATH/UCSD_ped1/testing_h5_t0/UCSD_ped1_21.h5
2019-05-08 22:31:15,939 [DEBUG] Predicting using logs/UCSD_ped1/jobs/f5846318-6990-4622-b584-ececf33a54d7/model_snapshot_e298_0.003159.h5
2019-05-08 22:31:22,917 [DEBUG] update_title_pos
2019-05-08 22:31:23,093 [DEBUG] update_title_pos
2019-05-08 22:31:23,137 [INFO] ==> VIDEO_ROOT_PATH/UCSD_ped1/testing_h5_t0/UCSD_ped1_22.h5
2019-05-08 22:31:23,137 [DEBUG] Predicting using logs/UCSD_ped1/jobs/f5846318-6990-4622-b584-ececf33a54d7/model_snapshot_e298_0.003159.h5
2019-05-08 22:31:30,046 [DEBUG] update_title_pos
2019-05-08 22:31:30,209 [DEBUG] update_title_pos
2019-05-08 22:31:30,254 [INFO] ==> VIDEO_ROOT_PATH/UCSD_ped1/testing_h5_t0/UCSD_ped1_23.h5
2019-05-08 22:31:30,254 [DEBUG] Predicting using logs/UCSD_ped1/jobs/f5846318-6990-4622-b584-ececf33a54d7/model_snapshot_e298_0.003159.h5
2019-05-08 22:31:37,142 [DEBUG] update_title_pos
2019-05-08 22:31:37,310 [DEBUG] update_title_pos
2019-05-08 22:31:37,355 [INFO] ==> VIDEO_ROOT_PATH/UCSD_ped1/testing_h5_t0/UCSD_ped1_24.h5
2019-05-08 22:31:37,355 [DEBUG] Predicting using logs/UCSD_ped1/jobs/f5846318-6990-4622-b584-ececf33a54d7/model_snapshot_e298_0.003159.h5
2019-05-08 22:31:44,367 [DEBUG] update_title_pos
2019-05-08 22:31:44,533 [DEBUG] update_title_pos
2019-05-08 22:31:44,575 [INFO] ==> VIDEO_ROOT_PATH/UCSD_ped1/testing_h5_t0/UCSD_ped1_25.h5
2019-05-08 22:31:44,575 [DEBUG] Predicting using logs/UCSD_ped1/jobs/f5846318-6990-4622-b584-ececf33a54d7/model_snapshot_e298_0.003159.h5
2019-05-08 22:31:51,495 [DEBUG] update_title_pos
2019-05-08 22:31:51,680 [DEBUG] update_title_pos
2019-05-08 22:31:51,723 [INFO] ==> VIDEO_ROOT_PATH/UCSD_ped1/testing_h5_t0/UCSD_ped1_26.h5
2019-05-08 22:31:51,723 [DEBUG] Predicting using logs/UCSD_ped1/jobs/f5846318-6990-4622-b584-ececf33a54d7/model_snapshot_e298_0.003159.h5
2019-05-08 22:31:58,623 [DEBUG] update_title_pos
2019-05-08 22:31:58,788 [DEBUG] update_title_pos
2019-05-08 22:31:58,835 [INFO] ==> VIDEO_ROOT_PATH/UCSD_ped1/testing_h5_t0/UCSD_ped1_27.h5
2019-05-08 22:31:58,835 [DEBUG] Predicting using logs/UCSD_ped1/jobs/f5846318-6990-4622-b584-ececf33a54d7/model_snapshot_e298_0.003159.h5
2019-05-08 22:32:05,773 [DEBUG] update_title_pos
2019-05-08 22:32:05,929 [DEBUG] update_title_pos
2019-05-08 22:32:05,971 [INFO] ==> VIDEO_ROOT_PATH/UCSD_ped1/testing_h5_t0/UCSD_ped1_28.h5
2019-05-08 22:32:05,971 [DEBUG] Predicting using logs/UCSD_ped1/jobs/f5846318-6990-4622-b584-ececf33a54d7/model_snapshot_e298_0.003159.h5
2019-05-08 22:32:12,879 [DEBUG] update_title_pos
2019-05-08 22:32:13,035 [DEBUG] update_title_pos
2019-05-08 22:32:13,077 [INFO] ==> VIDEO_ROOT_PATH/UCSD_ped1/testing_h5_t0/UCSD_ped1_29.h5
2019-05-08 22:32:13,078 [DEBUG] Predicting using logs/UCSD_ped1/jobs/f5846318-6990-4622-b584-ececf33a54d7/model_snapshot_e298_0.003159.h5
2019-05-08 22:32:19,944 [DEBUG] update_title_pos
2019-05-08 22:32:20,129 [DEBUG] update_title_pos
2019-05-08 22:32:20,170 [INFO] ==> VIDEO_ROOT_PATH/UCSD_ped1/testing_h5_t0/UCSD_ped1_30.h5
2019-05-08 22:32:20,171 [DEBUG] Predicting using logs/UCSD_ped1/jobs/f5846318-6990-4622-b584-ececf33a54d7/model_snapshot_e298_0.003159.h5
2019-05-08 22:32:27,002 [DEBUG] update_title_pos
2019-05-08 22:32:27,156 [DEBUG] update_title_pos
2019-05-08 22:32:27,197 [INFO] ==> VIDEO_ROOT_PATH/UCSD_ped1/testing_h5_t0/UCSD_ped1_31.h5
2019-05-08 22:32:27,198 [DEBUG] Predicting using logs/UCSD_ped1/jobs/f5846318-6990-4622-b584-ececf33a54d7/model_snapshot_e298_0.003159.h5
2019-05-08 22:32:34,027 [DEBUG] update_title_pos
2019-05-08 22:32:34,191 [DEBUG] update_title_pos
2019-05-08 22:32:34,233 [INFO] ==> VIDEO_ROOT_PATH/UCSD_ped1/testing_h5_t0/UCSD_ped1_32.h5
2019-05-08 22:32:34,233 [DEBUG] Predicting using logs/UCSD_ped1/jobs/f5846318-6990-4622-b584-ececf33a54d7/model_snapshot_e298_0.003159.h5
2019-05-08 22:32:41,163 [DEBUG] update_title_pos
2019-05-08 22:32:41,354 [DEBUG] update_title_pos
2019-05-08 22:32:41,399 [INFO] ==> VIDEO_ROOT_PATH/UCSD_ped1/testing_h5_t0/UCSD_ped1_33.h5
2019-05-08 22:32:41,399 [DEBUG] Predicting using logs/UCSD_ped1/jobs/f5846318-6990-4622-b584-ececf33a54d7/model_snapshot_e298_0.003159.h5
2019-05-08 22:32:48,378 [DEBUG] update_title_pos
2019-05-08 22:32:48,543 [DEBUG] update_title_pos
2019-05-08 22:32:48,584 [INFO] ==> VIDEO_ROOT_PATH/UCSD_ped1/testing_h5_t0/UCSD_ped1_34.h5
2019-05-08 22:32:48,584 [DEBUG] Predicting using logs/UCSD_ped1/jobs/f5846318-6990-4622-b584-ececf33a54d7/model_snapshot_e298_0.003159.h5
2019-05-08 22:32:55,764 [DEBUG] update_title_pos
2019-05-08 22:32:55,925 [DEBUG] update_title_pos
2019-05-08 22:32:55,968 [INFO] ==> VIDEO_ROOT_PATH/UCSD_ped1/testing_h5_t0/UCSD_ped1_35.h5
2019-05-08 22:32:55,968 [DEBUG] Predicting using logs/UCSD_ped1/jobs/f5846318-6990-4622-b584-ececf33a54d7/model_snapshot_e298_0.003159.h5
2019-05-08 22:33:02,980 [DEBUG] update_title_pos
2019-05-08 22:33:03,143 [DEBUG] update_title_pos
2019-05-08 22:33:03,186 [INFO] ==> VIDEO_ROOT_PATH/UCSD_ped1/testing_h5_t0/UCSD_ped1_36.h5
2019-05-08 22:33:03,186 [DEBUG] Predicting using logs/UCSD_ped1/jobs/f5846318-6990-4622-b584-ececf33a54d7/model_snapshot_e298_0.003159.h5
2019-05-08 22:33:10,103 [DEBUG] update_title_pos
2019-05-08 22:33:10,260 [DEBUG] update_title_pos
2019-05-08 22:33:21,170 [CRITICAL] Uncaught exception
Traceback (most recent call last):
  File "/home/thinh/github/anomaly-detection-and-localization/classifier.py", line 196, in get_gt_vid
    start = int(gt_vid_raw[event, 0]) - 1
IndexError: too many indices for array

During handling of the above exception, another exception occurred:

Traceback (most recent call last):
  File "/home/thinh/Downloads/pycharm-community-2018.3.5/helpers/pydev/pydevd.py", line 1741, in <module>
    main()
  File "/home/thinh/Downloads/pycharm-community-2018.3.5/helpers/pydev/pydevd.py", line 1735, in main
    globals = debugger.run(setup['file'], None, None, is_module)
  File "/home/thinh/Downloads/pycharm-community-2018.3.5/helpers/pydev/pydevd.py", line 1135, in run
    pydev_imports.execfile(file, globals, locals)  # execute the script
  File "/home/thinh/Downloads/pycharm-community-2018.3.5/helpers/pydev/_pydev_imps/_pydev_execfile.py", line 18, in execfile
    exec(compile(contents+"\n", file, 'exec'), glob, loc)
  File "/home/thinh/github/anomaly-detection-and-localization/start_test.py", line 73, in <module>
    visualize_score=True, visualize_frame=True)
  File "/home/thinh/github/anomaly-detection-and-localization/classifier.py", line 733, in test
    calc_auc_frame_overall(logger, dataset, n_videos[dataset], save_path, t_score)
  File "/home/thinh/github/anomaly-detection-and-localization/classifier.py", line 312, in calc_auc_frame_overall
    gt_vid = get_gt_vid(dataset, vid, frame_prediction[vid])
  File "/home/thinh/github/anomaly-detection-and-localization/classifier.py", line 202, in get_gt_vid
    gt_vid[start:end] = 1
IndexError: too many indices for array
